<?xml version="1.0" encoding="UTF-8"?>
<!-- Generated by org.testng.reporters.JUnitXMLReporter -->
<testsuite ignored="0" hostname="shyam376" failures="0" tests="3" name="JLR Test Cases" time="11.764" errors="0" timestamp="2025-05-13T01:20:31 IST">
  <testcase classname="HomePage.HomePageVerification" name="homePageVerfied" time="2.317"/>
  <testcase classname="HomePage.HomePageVerification" name="menuLinkVerfied" time="4.423"/>
  <testcase classname="Footer.FooterLinkVerification" name="verifiedFooterLink" time="2.489"/>
</testsuite> <!-- JLR Test Cases -->
